ERROR 2002 (HY000): Can't connect to MySQL server on 'mariadb' (115)
ERROR 2002 (HY000): Can't connect to MySQL server on 'mariadb' (115)
ERROR 2002 (HY000): Can't connect to MySQL server on 'mariadb' (115)
ERROR 2013 (HY000): Lost connection to MySQL server at 'handshake: reading initial communication packet', system error: 110
--------------
mysql  Ver 15.1 Distrib 10.3.39-MariaDB, for debian-linux-gnu (x86_64) using readline 5.2

Connection id:		4
Current database:	
Current user:		root@172.19.0.3
SSL:			Not in use
Current pager:		stdout
Using outfile:		''
Using delimiter:	;
Server:			MariaDB
Server version:		11.5.2-MariaDB-ubu2404 mariadb.org binary distribution
Protocol version:	10
Connection:		mariadb via TCP/IP
Server characterset:	utf8mb4
Db     characterset:	utf8mb4
Client characterset:	utf8mb4
Conn.  characterset:	utf8mb4
TCP port:		3306
Uptime:			11 sec

Threads: 1  Questions: 4  Slow queries: 0  Opens: 17  Open tables: 10  Queries per second avg: 0.363
--------------

mysql -u root -pxxxxxx -h mariadb -P 3306 -e "SELECT SCHEMA_NAME FROM information_schema.SCHEMATA WHERE SCHEMA_NAME = 'dolibarr';" > /tmp/docker-run-checkdb.result 2>&1
DB Exists is : dolibarr
Install.lock Exists is : yes
