ERROR 2002 (HY000): Can't connect to MySQL server on 'mariadb' (115)
ERROR 2002 (HY000): Can't connect to MySQL server on 'mariadb' (115)
ERROR 2002 (HY000): Can't connect to MySQL server on 'mariadb' (115)
--------------
mysql  Ver 15.1 Distrib 10.3.39-MariaDB, for debian-linux-gnu (x86_64) using readline 5.2

Connection id:		3
Current database:	
Current user:		root@172.19.0.3
SSL:			Not in use
Current pager:		stdout
Using outfile:		''
Using delimiter:	;
Server:			MariaDB
Server version:		10.11.5-MariaDB-1:10.11.5+maria~ubu2204 mariadb.org binary distribution
Protocol version:	10
Connection:		mariadb via TCP/IP
Server characterset:	utf8mb4
Db     characterset:	utf8mb4
Client characterset:	utf8mb4
Conn.  characterset:	utf8mb4
TCP port:		3306
Uptime:			4 sec

Threads: 1  Questions: 4  Slow queries: 0  Opens: 17  Open tables: 10  Queries per second avg: 1.000
--------------

mysql -u root -pxxxxxx -h mariadb -P 3306 -e "SELECT SCHEMA_NAME FROM information_schema.SCHEMATA WHERE SCHEMA_NAME = 'dolibarr';" > /tmp/docker-run-checkdb.result 2>&1
DB Exists is : dolibarr
Install.lock Exists is : no
mysql -u root -pxxxxxx -h mariadb -P 3306 dolibarr -e "SELECT Q.LAST_INSTALLED_VERSION FROM (SELECT INET_ATON(CONCAT(value, REPEAT('.0', 3 - CHAR_LENGTH(value) + CHAR_LENGTH(REPLACE(value, '.', ''))))) as VERSION_ATON, value as LAST_INSTALLED_VERSION FROM llx_const WHERE name IN ('MAIN_VERSION_LAST_INSTALL', 'MAIN_VERSION_LAST_UPGRADE') and entity=0) Q ORDER BY VERSION_ATON DESC LIMIT 1" > /tmp/docker-run-lastinstall.result 2>&1
